<?xml version="1.0" encoding="UTF-8"?>
<!-- Generated by org.testng.reporters.JUnitReportReporter -->
<testsuite skipped="0" hostname="hp-PC" name="com.umbrellar.NewTest" tests="2" failures="0" timestamp="05 Sep 2018 11:15:24 GMT" time="21.611" errors="0">
  <testcase name="invalidlogin" time="12.169" classname="com.umbrellar.NewTest"/>
  <testcase name="register" time="9.442" classname="com.umbrellar.NewTest"/>
</testsuite> <!-- com.umbrellar.NewTest -->
